<?xml version="1.0" encoding="UTF-8"?>
<!-- Generated by org.testng.reporters.JUnitXMLReporter -->
<testsuite ignored="0" hostname="LAPTOP-0A2M3F1A" failures="0" tests="4" name="Default test" time="165.9" errors="0" timestamp="2023-06-19T00:27:14 IST">
  <testcase classname="testcases.WeekTimeSheetTest" name="edit" time="2.717"/>
  <testcase classname="testcases.WeekTimeSheetTest" name="clickAddRow" time="3.591"/>
  <testcase classname="testcases.WeekTimeSheetTest" name="clickReset" time="4.303"/>
  <testcase classname="testcases.WeekTimeSheetTest" name="clickCancel" time="3.655"/>
</testsuite> <!-- Default test -->
