<?xml version="1.0" encoding="UTF-8"?>
<!-- Generated by org.testng.reporters.JUnitXMLReporter -->
<testsuite ignored="0" hostname="LAPTOP-0A2M3F1A" failures="0" tests="27" name="Test" time="877.404" errors="0" timestamp="2023-06-19T00:46:48 IST">
  <testcase classname="testcases.HomePageTest" name="getTimePage" time="3.527"/>
  <testcase classname="testcases.LoginPageTest" name="title" time="0.044"/>
  <testcase classname="testcases.LoginPageTest" name="loginSuccess" time="15.232"/>
  <testcase classname="testcases.ProjectsPageTest" name="projectInfo" time="0.092"/>
  <testcase classname="testcases.ProjectsPageTest" name="projects" time="3.297"/>
  <testcase classname="testcases.ProjectsPageTest" name="add" time="6.076"/>
  <testcase classname="testcases.ProjectsPageTest" name="CustomerLink" time="6.047"/>
  <testcase classname="testcases.ProjectsPageTest" name="cName" time="6.896"/>
  <testcase classname="testcases.ProjectsPageTest" name="cDesc" time="5.31"/>
  <testcase classname="testcases.ProjectsPageTest" name="saveDetails" time="5.917"/>
  <testcase classname="testcases.ProjectsPageTest" name="clickPName" time="5.521"/>
  <testcase classname="testcases.ProjectsPageTest" name="clickPAdmin" time="6.459"/>
  <testcase classname="testcases.ProjectsPageTest" name="clickDesc" time="6.323"/>
  <testcase classname="testcases.ProjectsPageTest" name="cSave" time="8.709"/>
  <testcase classname="testcases.PunchInTest" name="Note" time="0.119"/>
  <testcase classname="testcases.PunchInTest" name="In" time="4.069"/>
  <testcase classname="testcases.PunchOutTest" name="enterNote" time="0.13"/>
  <testcase classname="testcases.PunchOutTest" name="Out" time="4.024"/>
  <testcase classname="testcases.TimePageTest" name="clickAttendance" time="0.103"/>
  <testcase classname="testcases.TimePageTest" name="clickOnPunchInOut" time="3.482"/>
  <testcase classname="testcases.TimeSheetTest" name="timeSheet" time="0.101"/>
  <testcase classname="testcases.TimeSheetTest" name="employee" time="1.533"/>
  <testcase classname="testcases.TimeSheetTest" name="getRecord" time="0.135"/>
  <testcase classname="testcases.WeekTimeSheetTest" name="edit" time="2.575"/>
  <testcase classname="testcases.WeekTimeSheetTest" name="clickAddRow" time="2.818"/>
  <testcase classname="testcases.WeekTimeSheetTest" name="clickReset" time="3.674"/>
  <testcase classname="testcases.WeekTimeSheetTest" name="clickCancel" time="3.782"/>
</testsuite> <!-- Test -->
